<?xml version="1.0" encoding="UTF-8"?>
<testng-results ignored="0" total="2" passed="2" failed="0" skipped="0">
  <reporter-output>
  </reporter-output>
  <suite started-at="2022-02-15T00:29:13 IST" name="Suite" finished-at="2022-02-15T00:29:29 IST" duration-ms="15876">
    <groups>
    </groups>
    <test started-at="2022-02-15T00:29:13 IST" name="Test" finished-at="2022-02-15T00:29:29 IST" duration-ms="15876">
      <class name="TestCases.VerifyLoginTest">
        <test-method signature="LaunchBrowser(java.lang.String,java.lang.String)[pri:0, instance:TestCases.VerifyLoginTest@2c1b194a]" started-at="2022-02-15T00:29:13 IST" name="LaunchBrowser" data-provider="getData" finished-at="2022-02-15T00:29:23 IST" duration-ms="9521" status="PASS">
          <params>
            <param index="0">
              <value>
                <![CDATA[test1]]>
              </value>
            </param>
            <param index="1">
              <value>
                <![CDATA[pass1]]>
              </value>
            </param>
          </params>
          <reporter-output>
          </reporter-output>
        </test-method> <!-- LaunchBrowser -->
        <test-method signature="LaunchBrowser(java.lang.String,java.lang.String)[pri:0, instance:TestCases.VerifyLoginTest@2c1b194a]" started-at="2022-02-15T00:29:23 IST" name="LaunchBrowser" data-provider="getData" finished-at="2022-02-15T00:29:29 IST" duration-ms="6264" status="PASS">
          <params>
            <param index="0">
              <value>
                <![CDATA[test2]]>
              </value>
            </param>
            <param index="1">
              <value>
                <![CDATA[pass2]]>
              </value>
            </param>
          </params>
          <reporter-output>
          </reporter-output>
        </test-method> <!-- LaunchBrowser -->
      </class> <!-- TestCases.VerifyLoginTest -->
    </test> <!-- Test -->
  </suite> <!-- Suite -->
</testng-results>
